2022-05-17 14:36:54,239 [http-nio-8081-exec-7] DEBUG -[MyShiroRealm.java:71]- 权限配置
2022-05-17 14:37:47,126 [http-nio-8081-exec-9] DEBUG -[LogoutFilter.java:39]- muller退出成功
2022-05-17 14:37:52,423 [http-nio-8081-exec-10] DEBUG -[MyShiroRealm.java:71]- 权限配置
2022-05-17 14:38:22,172 [http-nio-8081-exec-2] DEBUG -[LogoutFilter.java:39]- 小虎退出成功
2022-05-17 14:38:26,150 [http-nio-8081-exec-3] DEBUG -[MyShiroRealm.java:71]- 权限配置
2022-05-17 14:38:36,098 [http-nio-8081-exec-10] DEBUG -[OwnerServiceImpl.java:55]- 查询ID为2的业主
2022-05-17 14:39:03,716 [http-nio-8081-exec-2] DEBUG -[LogoutFilter.java:39]- user退出成功
2022-05-17 14:39:07,224 [http-nio-8081-exec-7] DEBUG -[MyShiroRealm.java:71]- 权限配置
2022-05-17 16:19:32,681 [http-nio-8081-exec-9] DEBUG -[MyShiroRealm.java:71]- 权限配置
2022-05-17 16:20:40,093 [http-nio-8081-exec-7] DEBUG -[UserServiceImpl.java:42]- 新增用户嘻嘻
2022-05-17 16:20:44,941 [http-nio-8081-exec-2] DEBUG -[LogoutFilter.java:39]- admin退出成功
2022-05-17 16:20:57,983 [http-nio-8081-exec-5] DEBUG -[MyShiroRealm.java:71]- 权限配置
2022-05-17 16:21:09,721 [http-nio-8081-exec-6] DEBUG -[LogoutFilter.java:39]- 嘻嘻退出成功
2022-05-17 16:21:11,675 [http-nio-8081-exec-10] DEBUG -[MyShiroRealm.java:71]- 权限配置
2022-05-17 16:22:15,371 [http-nio-8081-exec-8] DEBUG -[RoleServiceImpl.java:45]- 新增角色艾克
2022-05-17 16:23:03,677 [http-nio-8081-exec-4] DEBUG -[LogoutFilter.java:39]- admin退出成功
2022-05-17 16:23:07,097 [http-nio-8081-exec-3] DEBUG -[MyShiroRealm.java:71]- 权限配置
2022-05-17 16:23:18,121 [http-nio-8081-exec-10] DEBUG -[LogoutFilter.java:39]- muller退出成功
2022-05-17 16:23:22,090 [http-nio-8081-exec-5] DEBUG -[MyShiroRealm.java:71]- 权限配置
2022-05-17 16:23:50,232 [http-nio-8081-exec-5] DEBUG -[HouseServiceImpl.java:56]- 查询房屋号为22805的信息
2022-05-17 16:23:54,294 [http-nio-8081-exec-6] DEBUG -[HouseServiceImpl.java:63]- 更新房屋号为22805的房屋信息
2022-05-17 16:24:00,043 [http-nio-8081-exec-7] DEBUG -[HouseServiceImpl.java:41]- 删除房屋号为23903的房屋信息
2022-05-17 16:24:27,038 [http-nio-8081-exec-2] DEBUG -[HouseServiceImpl.java:63]- 更新房屋号为22805的房屋信息
2022-05-17 16:24:54,675 [http-nio-8081-exec-7] DEBUG -[LogoutFilter.java:39]- admin退出成功
2022-05-17 16:24:58,397 [http-nio-8081-exec-9] DEBUG -[MyShiroRealm.java:71]- 权限配置
